[2025-10-10T21:27:52.710Z] ğŸš€ Master Orchestrator Started
[2025-10-10T21:27:52.714Z] ğŸ“… Start Time: 2025-10-10T21:27:52.714Z
[2025-10-10T21:27:52.715Z] â±ï¸  Estimated Total Duration: 12-17 hours

[2025-10-10T21:27:52.717Z] ğŸ¯ Executing all phases in sequence...

[2025-10-10T21:27:52.718Z] 
================================================================================
[2025-10-10T21:27:52.719Z] ğŸ“¦ Starting: Phase A: Shopify Integration
[2025-10-10T21:27:52.720Z] â±ï¸  Estimated Duration: 2-3 hours
[2025-10-10T21:27:52.721Z] ğŸ“ Description: Complete product details, cart, and order management
[2025-10-10T21:27:52.722Z] ğŸ¤– Auto-approve: Yes
[2025-10-10T21:27:52.723Z] ================================================================================

[2025-10-10T21:27:52.724Z] â–¶ï¸  Executing: npx tsx scripts/phase-a-shopify.ts
[2025-10-10T21:27:56.888Z] âŒ Failed: Phase A: Shopify Integration
[2025-10-10T21:27:56.889Z] â±ï¸  Duration: 0.1 minutes
[2025-10-10T21:27:56.889Z] â— Error: Command failed: npx tsx scripts/phase-a-shopify.ts
[Phase A] Fatal Error: ReferenceError: product is not defined
    at PhaseAShopify.generateProductDetailPage (C:\Users\seans\nerdx-apec-mvp\frontend\scripts\phase-a-shopify.ts:206:17)
    at PhaseAShopify.run (C:\Users\seans\nerdx-apec-mvp\frontend\scripts\phase-a-shopify.ts:24:16)
    at <anonymous> (C:\Users\seans\nerdx-apec-mvp\frontend\scripts\phase-a-shopify.ts:705:8)
    at Object.<anonymous> (C:\Users\seans\nerdx-apec-mvp\frontend\scripts\phase-a-shopify.ts:708:2)
    at Module._compile (node:internal/modules/cjs/loader:1706:14)
    at Object.transformer (C:\Users\seans\AppData\Local\npm-cache\_npx\fd45a72a545557e9\node_modules\tsx\dist\register-D46fvsV_.cjs:3:1104)
    at Module.load (node:internal/modules/cjs/loader:1441:32)
    at Function._load (node:internal/modules/cjs/loader:1263:12)
    at TracingChannel.traceSync (node:diagnostics_channel:322:14)
    at wrapModuleLoad (node:internal/modules/cjs/loader:237:24)


[2025-10-10T21:27:56.890Z] ğŸ›‘ Stopping orchestrator due to failure

[2025-10-10T21:27:56.892Z] 


[2025-10-10T21:27:56.892Z] ================================================================================
[2025-10-10T21:27:56.893Z] ğŸ“Š MASTER ORCHESTRATOR SUMMARY
[2025-10-10T21:27:56.894Z] ================================================================================
[2025-10-10T21:27:56.895Z] 
[2025-10-10T21:27:56.896Z] Total Phases: 5
[2025-10-10T21:27:56.896Z] âœ… Successful: 0
[2025-10-10T21:27:56.897Z] âŒ Failed: 1
[2025-10-10T21:27:56.898Z] â­ï¸  Skipped: 0
[2025-10-10T21:27:56.899Z] â±ï¸  Total Runtime: 0.00 hours
[2025-10-10T21:27:56.899Z] 
[2025-10-10T21:27:56.900Z] Phase Results:
[2025-10-10T21:27:56.901Z] --------------------------------------------------------------------------------
[2025-10-10T21:27:56.902Z] âŒ 1. Phase A: Shopify Integration
[2025-10-10T21:27:56.903Z]    Status: FAILED
[2025-10-10T21:27:56.904Z]    Duration: 0.1 minutes
[2025-10-10T21:27:56.904Z]    Error: Command failed: npx tsx scripts/phase-a-shopify.ts
[Phase A] Fatal Error: ReferenceError: product is not defined
    at PhaseAShopify.generateProductDetailPage (C:\Users\seans\nerdx-apec-mvp\frontend\scripts\phase-a-shopify.ts:206:17)
    at PhaseAShopify.run (C:\Users\seans\nerdx-apec-mvp\frontend\scripts\phase-a-shopify.ts:24:16)
    at <anonymous> (C:\Users\seans\nerdx-apec-mvp\frontend\scripts\phase-a-shopify.ts:705:8)
    at Object.<anonymous> (C:\Users\seans\nerdx-apec-mvp\frontend\scripts\phase-a-shopify.ts:708:2)
    at Module._compile (node:internal/modules/cjs/loader:1706:14)
    at Object.transformer (C:\Users\seans\AppData\Local\npm-cache\_npx\fd45a72a545557e9\node_modules\tsx\dist\register-D46fvsV_.cjs:3:1104)
    at Module.load (node:internal/modules/cjs/loader:1441:32)
    at Function._load (node:internal/modules/cjs/loader:1263:12)
    at TracingChannel.traceSync (node:diagnostics_channel:322:14)
    at wrapModuleLoad (node:internal/modules/cjs/loader:237:24)

[2025-10-10T21:27:56.905Z] 
[2025-10-10T21:27:56.907Z] ğŸ“„ Full report saved: automation-logs/master-report.json
[2025-10-10T21:27:56.908Z] 
[2025-10-10T21:27:56.909Z] ================================================================================
[2025-10-10T21:27:56.909Z] ğŸ‰ Master Orchestrator Complete!
[2025-10-10T21:27:56.910Z] ================================================================================
[2025-10-11T01:56:02.942Z] ğŸš€ Master Orchestrator Started
[2025-10-11T01:56:02.945Z] ğŸ“… Start Time: 2025-10-11T01:56:02.945Z
[2025-10-11T01:56:02.946Z] â±ï¸  Estimated Total Duration: 12-17 hours

[2025-10-11T01:56:02.947Z] ğŸ¯ Executing all phases in sequence...

[2025-10-11T01:56:02.948Z] 
================================================================================
[2025-10-11T01:56:02.949Z] ğŸ“¦ Starting: Phase A: Shopify Integration
[2025-10-11T01:56:02.949Z] â±ï¸  Estimated Duration: 2-3 hours
[2025-10-11T01:56:02.950Z] ğŸ“ Description: Complete product details, cart, and order management
[2025-10-11T01:56:02.951Z] ğŸ¤– Auto-approve: Yes
[2025-10-11T01:56:02.952Z] ================================================================================

[2025-10-11T01:56:02.953Z] â–¶ï¸  Executing: npx tsx scripts/phase-a-shopify.ts
[2025-10-11T01:56:07.151Z] âŒ Failed: Phase A: Shopify Integration
[2025-10-11T01:56:07.152Z] â±ï¸  Duration: 0.1 minutes
[2025-10-11T01:56:07.153Z] â— Error: Command failed: npx tsx scripts/phase-a-shopify.ts
[Phase A] Fatal Error: ReferenceError: item is not defined
    at PhaseAShopify.generateShoppingCart (C:\Users\seans\nerdx-apec-mvp\frontend\scripts\phase-a-shopify.ts:370:48)
    at PhaseAShopify.run (C:\Users\seans\nerdx-apec-mvp\frontend\scripts\phase-a-shopify.ts:27:16)


[2025-10-11T01:56:07.154Z] ğŸ›‘ Stopping orchestrator due to failure

[2025-10-11T01:56:07.155Z] 


[2025-10-11T01:56:07.156Z] ================================================================================
[2025-10-11T01:56:07.157Z] ğŸ“Š MASTER ORCHESTRATOR SUMMARY
[2025-10-11T01:56:07.158Z] ================================================================================
[2025-10-11T01:56:07.159Z] 
[2025-10-11T01:56:07.159Z] Total Phases: 5
[2025-10-11T01:56:07.160Z] âœ… Successful: 0
[2025-10-11T01:56:07.161Z] âŒ Failed: 1
[2025-10-11T01:56:07.161Z] â­ï¸  Skipped: 0
[2025-10-11T01:56:07.162Z] â±ï¸  Total Runtime: 0.00 hours
[2025-10-11T01:56:07.163Z] 
[2025-10-11T01:56:07.163Z] Phase Results:
[2025-10-11T01:56:07.164Z] --------------------------------------------------------------------------------
[2025-10-11T01:56:07.165Z] âŒ 1. Phase A: Shopify Integration
[2025-10-11T01:56:07.166Z]    Status: FAILED
[2025-10-11T01:56:07.167Z]    Duration: 0.1 minutes
[2025-10-11T01:56:07.167Z]    Error: Command failed: npx tsx scripts/phase-a-shopify.ts
[Phase A] Fatal Error: ReferenceError: item is not defined
    at PhaseAShopify.generateShoppingCart (C:\Users\seans\nerdx-apec-mvp\frontend\scripts\phase-a-shopify.ts:370:48)
    at PhaseAShopify.run (C:\Users\seans\nerdx-apec-mvp\frontend\scripts\phase-a-shopify.ts:27:16)

[2025-10-11T01:56:07.168Z] 
[2025-10-11T01:56:07.170Z] ğŸ“„ Full report saved: automation-logs/master-report.json
[2025-10-11T01:56:07.170Z] 
[2025-10-11T01:56:07.171Z] ================================================================================
[2025-10-11T01:56:07.172Z] ğŸ‰ Master Orchestrator Complete!
[2025-10-11T01:56:07.172Z] ================================================================================
[2025-10-11T01:58:16.164Z] ğŸš€ Master Orchestrator Started
[2025-10-11T01:58:16.168Z] ğŸ“… Start Time: 2025-10-11T01:58:16.168Z
[2025-10-11T01:58:16.169Z] â±ï¸  Estimated Total Duration: 12-17 hours

[2025-10-11T01:58:16.170Z] ğŸ¯ Executing all phases in sequence...

[2025-10-11T01:58:16.171Z] 
================================================================================
[2025-10-11T01:58:16.172Z] ğŸ“¦ Starting: Phase A: Shopify Integration
[2025-10-11T01:58:16.172Z] â±ï¸  Estimated Duration: 2-3 hours
[2025-10-11T01:58:16.173Z] ğŸ“ Description: Complete product details, cart, and order management
[2025-10-11T01:58:16.174Z] ğŸ¤– Auto-approve: Yes
[2025-10-11T01:58:16.175Z] ================================================================================

[2025-10-11T01:58:16.176Z] â–¶ï¸  Executing: npx tsx scripts/phase-a-shopify.ts
[2025-10-11T01:59:30.339Z] [Phase A] ğŸš€ Starting Phase A: Shopify Integration

[Phase A] ğŸ“„ Generating product detail page...
[Phase A] âœ… Created: app/products/shopify/[handle]/page.tsx
[Phase A] ğŸ›’ Generating shopping cart...
[Phase A] âœ… Created: app/cart/page.tsx
[Phase A] ğŸ“¦ Generating order management...
[Phase A] âœ… Created: app/orders/page.tsx
[Phase A] ğŸ”„ Generating cart context...
[Phase A] âœ… Created: context/CartContext.tsx
[Phase A] ğŸ§­ Updating navigation...
[Phase A] âœ… Navigation updated (manual integration needed)
[Phase A] ğŸ§ª Running autonomous tests...
ğŸš€ Starting Autonomous Test...

âœ… Browser setup complete


ğŸ“ Running: Homepage loads successfully


ğŸ“Š Test Summary
================

Total: 0
âœ… Passed: 0
âŒ Failed: 0
Success Rate: NaN%


ğŸ“„ Full report saved: test-results/autonomous-test-report.json

[Phase A] âœ… Tests passed
[Phase A] ğŸ’¾ Committing changes...
[main 171295f] feat: Phase A - Complete Shopify integration (auto-generated)
 6 files changed, 577 insertions(+), 962 deletions(-)
 create mode 100644 frontend/automation-logs/master-log.txt
 create mode 100644 frontend/automation-logs/master-report.json
 create mode 100644 frontend/context/CartContext.tsx
[Phase A] âœ… Changes committed
[Phase A] âœ… Phase A Complete!


[2025-10-11T01:59:30.340Z] âœ… Completed: Phase A: Shopify Integration
[2025-10-11T01:59:30.348Z] â±ï¸  Duration: 1.2 minutes

[2025-10-11T01:59:30.349Z] 
================================================================================
[2025-10-11T01:59:30.350Z] ğŸ“¦ Starting: Phase C: Testing & Quality
[2025-10-11T01:59:30.350Z] â±ï¸  Estimated Duration: 1-2 hours
[2025-10-11T01:59:30.351Z] ğŸ“ Description: Fix tests, add CI/CD, optimize performance
[2025-10-11T01:59:30.351Z] ğŸ¤– Auto-approve: Yes
[2025-10-11T01:59:30.352Z] ================================================================================

[2025-10-11T01:59:30.353Z] â–¶ï¸  Executing: npx tsx scripts/phase-c-quality.ts
[2025-10-11T02:00:17.200Z] [Phase C] ğŸš€ Starting Phase C: Testing & Quality

[Phase C] ğŸ”§ Fixing test selectors...
[Phase C] âœ… Test selectors fixed
[Phase C] â• Adding more E2E tests...
[Phase C] âœ… Additional tests added (13 total tests)
[Phase C] âš™ï¸  Setting up CI/CD pipeline...
[Phase C] âœ… CI/CD pipeline created
[Phase C] âš¡ Optimizing performance...
[Phase C] âœ… Performance optimizations applied
[Phase C] ğŸ§ª Running all tests...
ğŸš€ Starting Autonomous Test...

âœ… Browser setup complete


ğŸ“ Running: Homepage loads successfully
âŒ Page Error: Invalid or unexpected token
âŒ Console Error: [error] Failed to load resource: the server responded with a status of 404 (Not Found)
ğŸ“¸ Screenshot saved: test-results/homepage-1760147997929.png
âœ… PASS (16335ms)

ğŸ“ Running: Navigate to Shopify products page
âœ… PASS (8245ms)

ğŸ“ Running: Products are displayed
   Found 3 products
ğŸ“¸ Screenshot saved: test-results/products-page-1760148006612.png
âœ… PASS (350ms)

ğŸ“ Running: Product titles and prices are visible
   Found 3 product titles
   Found 3 product prices
âœ… PASS (9ms)

ğŸ“ Running: Stock quantity badges are visible
   Found 3 stock badges
âœ… PASS (7ms)

ğŸ“ Running: Search filter works
   After filtering: 0 products
ğŸ“¸ Screenshot saved: test-results/search-filter-1760148007624.png
âœ… PASS (791ms)

ğŸ“ Running: AR and APEC badges are visible
   Found 2 AR badges
   Found 2 APEC badges
ğŸ“¸ Screenshot saved: test-results/badges-1760148009188.png
âœ… PASS (1685ms)

ğŸ“ Running: Product detail page loads
   Navigated to: http://localhost:3000/products/shopify
ğŸ“¸ Screenshot saved: test-results/product-detail-1760148011082.png
âœ… PASS (1863ms)

ğŸ“ Running: Checkout flow initiates
âŒ Console Error: [error] Failed to fetch RSC payload for http://localhost:3000/products/shopify/nerd-premium-makgeolli. Falling back to browser navigation. TypeError: Failed to fetch
    at fetchServerResponse (webpack-internal:///(app-pages-browser)/./node_modules/next/dist/client/components/router-reducer/fetch-server-response.js:57:27)
    at eval (webpack-internal:///(app-pages-browser)/./node_modules/next/dist/client/components/router-reducer/prefetch-cache-utils.js:136:106)
    at Object.task (webpack-internal:///(app-pages-browser)/./node_modules/next/dist/client/components/promise-queue.js:30:38)
    at PromiseQueue.processNext (webpack-internal:///(app-pages-browser)/./node_modules/next/dist/client/components/promise-queue.js:81:186)
    at PromiseQueue.enqueue (webpack-internal:///(app-pages-browser)/./node_modules/next/dist/client/components/promise-queue.js:45:76)
    at createLazyPrefetchEntry (webpack-internal:///(app-pages-browser)/./node_modules/next/dist/client/components/router-reducer/prefetch-cache-utils.js:136:49)
    at getOrCreatePrefetchCacheEntry (webpack-internal:///(app-pages-browser)/./node_modules/next/dist/client/components/router-reducer/prefetch-cache-utils.js:87:12)
    at navigateReducer_noPPR (webpack-internal:///(app-pages-browser)/./node_modules/next/dist/client/components/router-reducer/reducers/navigate-reducer.js:102:82)
    at clientReducer (webpack-internal:///(app-pages-browser)/./node_modules/next/dist/client/components/router-reducer/router-reducer.js:25:61)
    at Object.action (webpack-internal:///(app-pages-browser)/./node_modules/next/dist/shared/lib/router/action-queue.js:150:55)
    at runAction (webpack-internal:///(app-pages-browser)/./node_modules/next/dist/shared/lib/router/action-queue.js:56:38)
    at dispatchAction (webpack-internal:///(app-pages-browser)/./node_modules/next/dist/shared/lib/router/action-queue.js:113:9)
    at Object.dispatch (webpack-internal:///(app-pages-browser)/./node_modules/next/dist/shared/lib/router/action-queue.js:145:40)
    at eval (webpack-internal:///(app-pages-browser)/./node_modules/next/dist/client/components/use-reducer-with-devtools.js:130:21)
    at eval (webpack-internal:///(app-pages-browser)/./node_modules/next/dist/client/components/app-router.js:159:16)
    at eval (webpack-internal:///(app-pages-browser)/./node_modules/next/dist/client/components/app-router.js:290:21)
    at startTransition (webpack-internal:///(app-pages-browser)/./node_modules/next/dist/compiled/react/cjs/react.development.js:2597:25)
    at Object.push (webpack-internal:///(app-pages-browser)/./node_modules/next/dist/client/components/app-router.js:288:44)
    at onClick (webpack-internal:///(app-pages-browser)/./app/products/shopify/page.tsx:483:60)
    at HTMLUnknownElement.callCallback (webpack-internal:///(app-pages-browser)/./node_modules/next/dist/compiled/react-dom/cjs/react-dom.development.js:20565:14)
    at Object.invokeGuardedCallbackImpl (webpack-internal:///(app-pages-browser)/./node_modules/next/dist/compiled/react-dom/cjs/react-dom.development.js:20614:16)
    at invokeGuardedCallback (webpack-internal:///(app-pages-browser)/./node_modules/next/dist/compiled/react-dom/cjs/react-dom.development.js:20689:29)
    at invokeGuardedCallbackAndCatchFirstError (webpack-internal:///(app-pages-browser)/./node_modules/next/dist/compiled/react-dom/cjs/react-dom.development.js:20703:25)
    at executeDispatch (webpack-internal:///(app-pages-browser)/./node_modules/next/dist/compiled/react-dom/cjs/react-dom.development.js:32128:3)
    at processDispatchQueueItemsInOrder (webpack-internal:///(app-pages-browser)/./node_modules/next/dist/compiled/react-dom/cjs/react-dom.development.js:32160:7)
    at processDispatchQueue (webpack-internal:///(app-pages-browser)/./node_modules/next/dist/compiled/react-dom/cjs/react-dom.development.js:32173:5)
    at dispatchEventsForPlugins (webpack-internal:///(app-pages-browser)/./node_modules/next/dist/compiled/react-dom/cjs/react-dom.development.js:32184:3)
    at eval (webpack-internal:///(app-pages-browser)/./node_modules/next/dist/compiled/react-dom/cjs/react-dom.development.js:32374:12)
    at batchedUpdates$1 (webpack-internal:///(app-pages-browser)/./node_modules/next/dist/compiled/react-dom/cjs/react-dom.development.js:24953:12)
    at batchedUpdates (webpack-internal:///(app-pages-browser)/./node_modules/next/dist/compiled/react-dom/cjs/react-dom.development.js:28844:12)
    at dispatchEventForPluginEventSystem (webpack-internal:///(app-pages-browser)/./node_modules/next/dist/compiled/react-dom/cjs/react-dom.development.js:32373:3)
    at dispatchEvent (webpack-internal:///(app-pages-browser)/./node_modules/next/dist/compiled/react-dom/cjs/react-dom.development.js:30141:5)
    at dispatchDiscreteEvent (webpack-internal:///(app-pages-browser)/./node_modules/next/dist/compiled/react-dom/cjs/react-dom.development.js:30112:5)
   Found 3 buy buttons
   Response: 200
âŒ Console Error: [error] Error creating checkout: Error: [{"message":"No such type CheckoutUserError, so it can't be a fragment condition","locations":[{"line":1,"column":1312}],"path":["fragment CheckoutUserErrorFragment"],"extensions":{"code":"undefinedType","typeName":"CheckoutUserError"}},{"message":"No such type Checkout, so it can't be a fragment condition","locations":[{"line":1,"column":1601}],"path":["fragment CheckoutFragment"],"extensions":{"code":"undefinedType","typeName":"Checkout"}},{"message":"Field 'checkoutCreate' doesn't exist on type 'Mutation'","locations":[{"line":1,"column":3624}],"path":["mutation","checkoutCreate"],"extensions":{"code":"undefinedField","typeName":"Mutation","fieldName":"checkoutCreate"}},{"message":"Variable $input is declared by anonymous mutation but not used","locations":[{"line":1,"column":3582}],"path":["mutation"],"extensions":{"code":"variableNotUsed","variableName":"input"}},{"message":"Fragment MailingAddressFragment was defined, but not used","locations":[{"line":1,"column":1392}],"path":["fragment MailingAddressFragment"],"extensions":{"code":"useAndDefineFragment","fragmentName":"MailingAddressFragment"}},{"message":"Fragment UserErrorFragment was defined, but not used","locations":[{"line":1,"column":1253}],"path":["fragment UserErrorFragment"],"extensions":{"code":"useAndDefineFragment","fragmentName":"UserErrorFragment"}},{"message":"Fragment AppliedGiftCardFragment was defined, but not used","locations":[{"line":1,"column":873}],"path":["fragment AppliedGiftCardFragment"],"extensions":{"code":"useAndDefineFragment","fragmentName":"AppliedGiftCardFragment"}},{"message":"Fragment DiscountApplicationFragment was defined, but not used","locations":[{"line":1,"column":464}],"path":["fragment DiscountApplicationFragment"],"extensions":{"code":"useAndDefineFragment","fragmentName":"DiscountApplicationFragment"}},{"message":"Fragment VariantWithProductFragment was defined, but not used","locations":[{"line":1,"column":1153}],"path":["fragment VariantWithProductFragment"],"extensions":{"code":"useAndDefineFragment","fragmentName":"VariantWithProductFragment"}}]
    at eval (webpack-internal:///(app-pages-browser)/./node_modules/shopify-buy/index.js:4078:29)
    at async ShopifyService.createCheckout (webpack-internal:///(app-pages-browser)/./lib/shopify/client.ts:97:28)
    at async handleBuyNow (webpack-internal:///(app-pages-browser)/./app/products/shopify/page.tsx:84:30)
âŒ Console Error: [error] Error creating checkout: Error: [{"message":"No such type CheckoutUserError, so it can't be a fragment condition","locations":[{"line":1,"column":1312}],"path":["fragment CheckoutUserErrorFragment"],"extensions":{"code":"undefinedType","typeName":"CheckoutUserError"}},{"message":"No such type Checkout, so it can't be a fragment condition","locations":[{"line":1,"column":1601}],"path":["fragment CheckoutFragment"],"extensions":{"code":"undefinedType","typeName":"Checkout"}},{"message":"Field 'checkoutCreate' doesn't exist on type 'Mutation'","locations":[{"line":1,"column":3624}],"path":["mutation","checkoutCreate"],"extensions":{"code":"undefinedField","typeName":"Mutation","fieldName":"checkoutCreate"}},{"message":"Variable $input is declared by anonymous mutation but not used","locations":[{"line":1,"column":3582}],"path":["mutation"],"extensions":{"code":"variableNotUsed","variableName":"input"}},{"message":"Fragment MailingAddressFragment was defined, but not used","locations":[{"line":1,"column":1392}],"path":["fragment MailingAddressFragment"],"extensions":{"code":"useAndDefineFragment","fragmentName":"MailingAddressFragment"}},{"message":"Fragment UserErrorFragment was defined, but not used","locations":[{"line":1,"column":1253}],"path":["fragment UserErrorFragment"],"extensions":{"code":"useAndDefineFragment","fragmentName":"UserErrorFragment"}},{"message":"Fragment AppliedGiftCardFragment was defined, but not used","locations":[{"line":1,"column":873}],"path":["fragment AppliedGiftCardFragment"],"extensions":{"code":"useAndDefineFragment","fragmentName":"AppliedGiftCardFragment"}},{"message":"Fragment DiscountApplicationFragment was defined, but not used","locations":[{"line":1,"column":464}],"path":["fragment DiscountApplicationFragment"],"extensions":{"code":"useAndDefineFragment","fragmentName":"DiscountApplicationFragment"}},{"message":"Fragment VariantWithProductFragment was defined, but not used","locations":[{"line":1,"column":1153}],"path":["fragment VariantWithProductFragment"],"extensions":{"code":"useAndDefineFragment","fragmentName":"VariantWithProductFragment"}}]
    at eval (webpack-internal:///(app-pages-browser)/./node_modules/shopify-buy/index.js:4078:29)
    at async ShopifyService.createCheckout (webpack-internal:///(app-pages-browser)/./lib/shopify/client.ts:97:28)
    at async handleBuyNow (webpack-internal:///(app-pages-browser)/./app/products/shopify/page.tsx:84:30)
ğŸ“¸ Screenshot saved: test-results/checkout-attempt-1760148013860.png
âœ… PASS (2869ms)

ğŸ“ Running: All 3 stock badges visible after fix
   Found 3 stock badges
âœ… PASS (1629ms)


ğŸ“Š Test Summary
================

Total: 10
âœ… Passed: 10
âŒ Failed: 0
Success Rate: 100.0%

âœ… 1. Homepage loads successfully (16335ms)
   Console Errors (2):
     - Page Error: Invalid or unexpected token
     - [error] Failed to load resource: the server responded with a status of 404 (Not Found)
âœ… 2. Navigate to Shopify products page (8245ms)
âœ… 3. Products are displayed (350ms)
âœ… 4. Product titles and prices are visible (9ms)
âœ… 5. Stock quantity badges are visible (7ms)
âœ… 6. Search filter works (791ms)
âœ… 7. AR and APEC badges are visible (1685ms)
âœ… 8. Product detail page loads (1863ms)
âœ… 9. Checkout flow initiates (2869ms)
   Console Errors (3):
     - [error] Failed to fetch RSC payload for http://localhost:3000/products/shopify/nerd-premium-makgeolli. Falling back to browser navigation. TypeError: Failed to fetch
    at fetchServerResponse (webpack-internal:///(app-pages-browser)/./node_modules/next/dist/client/components/router-reducer/fetch-server-response.js:57:27)
    at eval (webpack-internal:///(app-pages-browser)/./node_modules/next/dist/client/components/router-reducer/prefetch-cache-utils.js:136:106)
    at Object.task (webpack-internal:///(app-pages-browser)/./node_modules/next/dist/client/components/promise-queue.js:30:38)
    at PromiseQueue.processNext (webpack-internal:///(app-pages-browser)/./node_modules/next/dist/client/components/promise-queue.js:81:186)
    at PromiseQueue.enqueue (webpack-internal:///(app-pages-browser)/./node_modules/next/dist/client/components/promise-queue.js:45:76)
    at createLazyPrefetchEntry (webpack-internal:///(app-pages-browser)/./node_modules/next/dist/client/components/router-reducer/prefetch-cache-utils.js:136:49)
    at getOrCreatePrefetchCacheEntry (webpack-internal:///(app-pages-browser)/./node_modules/next/dist/client/components/router-reducer/prefetch-cache-utils.js:87:12)
    at navigateReducer_noPPR (webpack-internal:///(app-pages-browser)/./node_modules/next/dist/client/components/router-reducer/reducers/navigate-reducer.js:102:82)
    at clientReducer (webpack-internal:///(app-pages-browser)/./node_modules/next/dist/client/components/router-reducer/router-reducer.js:25:61)
    at Object.action (webpack-internal:///(app-pages-browser)/./node_modules/next/dist/shared/lib/router/action-queue.js:150:55)
    at runAction (webpack-internal:///(app-pages-browser)/./node_modules/next/dist/shared/lib/router/action-queue.js:56:38)
    at dispatchAction (webpack-internal:///(app-pages-browser)/./node_modules/next/dist/shared/lib/router/action-queue.js:113:9)
    at Object.dispatch (webpack-internal:///(app-pages-browser)/./node_modules/next/dist/shared/lib/router/action-queue.js:145:40)
    at eval (webpack-internal:///(app-pages-browser)/./node_modules/next/dist/client/components/use-reducer-with-devtools.js:130:21)
    at eval (webpack-internal:///(app-pages-browser)/./node_modules/next/dist/client/components/app-router.js:159:16)
    at eval (webpack-internal:///(app-pages-browser)/./node_modules/next/dist/client/components/app-router.js:290:21)
    at startTransition (webpack-internal:///(app-pages-browser)/./node_modules/next/dist/compiled/react/cjs/react.development.js:2597:25)
    at Object.push (webpack-internal:///(app-pages-browser)/./node_modules/next/dist/client/components/app-router.js:288:44)
    at onClick (webpack-internal:///(app-pages-browser)/./app/products/shopify/page.tsx:483:60)
    at HTMLUnknownElement.callCallback (webpack-internal:///(app-pages-browser)/./node_modules/next/dist/compiled/react-dom/cjs/react-dom.development.js:20565:14)
    at Object.invokeGuardedCallbackImpl (webpack-internal:///(app-pages-browser)/./node_modules/next/dist/compiled/react-dom/cjs/react-dom.development.js:20614:16)
    at invokeGuardedCallback (webpack-internal:///(app-pages-browser)/./node_modules/next/dist/compiled/react-dom/cjs/react-dom.development.js:20689:29)
    at invokeGuardedCallbackAndCatchFirstError (webpack-internal:///(app-pages-browser)/./node_modules/next/dist/compiled/react-dom/cjs/react-dom.development.js:20703:25)
    at executeDispatch (webpack-internal:///(app-pages-browser)/./node_modules/next/dist/compiled/react-dom/cjs/react-dom.development.js:32128:3)
    at processDispatchQueueItemsInOrder (webpack-internal:///(app-pages-browser)/./node_modules/next/dist/compiled/react-dom/cjs/react-dom.development.js:32160:7)
    at processDispatchQueue (webpack-internal:///(app-pages-browser)/./node_modules/next/dist/compiled/react-dom/cjs/react-dom.development.js:32173:5)
    at dispatchEventsForPlugins (webpack-internal:///(app-pages-browser)/./node_modules/next/dist/compiled/react-dom/cjs/react-dom.development.js:32184:3)
    at eval (webpack-internal:///(app-pages-browser)/./node_modules/next/dist/compiled/react-dom/cjs/react-dom.development.js:32374:12)
    at batchedUpdates$1 (webpack-internal:///(app-pages-browser)/./node_modules/next/dist/compiled/react-dom/cjs/react-dom.development.js:24953:12)
    at batchedUpdates (webpack-internal:///(app-pages-browser)/./node_modules/next/dist/compiled/react-dom/cjs/react-dom.development.js:28844:12)
    at dispatchEventForPluginEventSystem (webpack-internal:///(app-pages-browser)/./node_modules/next/dist/compiled/react-dom/cjs/react-dom.development.js:32373:3)
    at dispatchEvent (webpack-internal:///(app-pages-browser)/./node_modules/next/dist/compiled/react-dom/cjs/react-dom.development.js:30141:5)
    at dispatchDiscreteEvent (webpack-internal:///(app-pages-browser)/./node_modules/next/dist/compiled/react-dom/cjs/react-dom.development.js:30112:5)
     - [error] Error creating checkout: Error: [{"message":"No such type CheckoutUserError, so it can't be a fragment condition","locations":[{"line":1,"column":1312}],"path":["fragment CheckoutUserErrorFragment"],"extensions":{"code":"undefinedType","typeName":"CheckoutUserError"}},{"message":"No such type Checkout, so it can't be a fragment condition","locations":[{"line":1,"column":1601}],"path":["fragment CheckoutFragment"],"extensions":{"code":"undefinedType","typeName":"Checkout"}},{"message":"Field 'checkoutCreate' doesn't exist on type 'Mutation'","locations":[{"line":1,"column":3624}],"path":["mutation","checkoutCreate"],"extensions":{"code":"undefinedField","typeName":"Mutation","fieldName":"checkoutCreate"}},{"message":"Variable $input is declared by anonymous mutation but not used","locations":[{"line":1,"column":3582}],"path":["mutation"],"extensions":{"code":"variableNotUsed","variableName":"input"}},{"message":"Fragment MailingAddressFragment was defined, but not used","locations":[{"line":1,"column":1392}],"path":["fragment MailingAddressFragment"],"extensions":{"code":"useAndDefineFragment","fragmentName":"MailingAddressFragment"}},{"message":"Fragment UserErrorFragment was defined, but not used","locations":[{"line":1,"column":1253}],"path":["fragment UserErrorFragment"],"extensions":{"code":"useAndDefineFragment","fragmentName":"UserErrorFragment"}},{"message":"Fragment AppliedGiftCardFragment was defined, but not used","locations":[{"line":1,"column":873}],"path":["fragment AppliedGiftCardFragment"],"extensions":{"code":"useAndDefineFragment","fragmentName":"AppliedGiftCardFragment"}},{"message":"Fragment DiscountApplicationFragment was defined, but not used","locations":[{"line":1,"column":464}],"path":["fragment DiscountApplicationFragment"],"extensions":{"code":"useAndDefineFragment","fragmentName":"DiscountApplicationFragment"}},{"message":"Fragment VariantWithProductFragment was defined, but not used","locations":[{"line":1,"column":1153}],"path":["fragment VariantWithProductFragment"],"extensions":{"code":"useAndDefineFragment","fragmentName":"VariantWithProductFragment"}}]
    at eval (webpack-internal:///(app-pages-browser)/./node_modules/shopify-buy/index.js:4078:29)
    at async ShopifyService.createCheckout (webpack-internal:///(app-pages-browser)/./lib/shopify/client.ts:97:28)
    at async handleBuyNow (webpack-internal:///(app-pages-browser)/./app/products/shopify/page.tsx:84:30)
     - [error] Error creating checkout: Error: [{"message":"No such type CheckoutUserError, so it can't be a fragment condition","locations":[{"line":1,"column":1312}],"path":["fragment CheckoutUserErrorFragment"],"extensions":{"code":"undefinedType","typeName":"CheckoutUserError"}},{"message":"No such type Checkout, so it can't be a fragment condition","locations":[{"line":1,"column":1601}],"path":["fragment CheckoutFragment"],"extensions":{"code":"undefinedType","typeName":"Checkout"}},{"message":"Field 'checkoutCreate' doesn't exist on type 'Mutation'","locations":[{"line":1,"column":3624}],"path":["mutation","checkoutCreate"],"extensions":{"code":"undefinedField","typeName":"Mutation","fieldName":"checkoutCreate"}},{"message":"Variable $input is declared by anonymous mutation but not used","locations":[{"line":1,"column":3582}],"path":["mutation"],"extensions":{"code":"variableNotUsed","variableName":"input"}},{"message":"Fragment MailingAddressFragment was defined, but not used","locations":[{"line":1,"column":1392}],"path":["fragment MailingAddressFragment"],"extensions":{"code":"useAndDefineFragment","fragmentName":"MailingAddressFragment"}},{"message":"Fragment UserErrorFragment was defined, but not used","locations":[{"line":1,"column":1253}],"path":["fragment UserErrorFragment"],"extensions":{"code":"useAndDefineFragment","fragmentName":"UserErrorFragment"}},{"message":"Fragment AppliedGiftCardFragment was defined, but not used","locations":[{"line":1,"column":873}],"path":["fragment AppliedGiftCardFragment"],"extensions":{"code":"useAndDefineFragment","fragmentName":"AppliedGiftCardFragment"}},{"message":"Fragment DiscountApplicationFragment was defined, but not used","locations":[{"line":1,"column":464}],"path":["fragment DiscountApplicationFragment"],"extensions":{"code":"useAndDefineFragment","fragmentName":"DiscountApplicationFragment"}},{"message":"Fragment VariantWithProductFragment was defined, but not used","locations":[{"line":1,"column":1153}],"path":["fragment VariantWithProductFragment"],"extensions":{"code":"useAndDefineFragment","fragmentName":"VariantWithProductFragment"}}]
    at eval (webpack-internal:///(app-pages-browser)/./node_modules/shopify-buy/index.js:4078:29)
    at async ShopifyService.createCheckout (webpack-internal:///(app-pages-browser)/./lib/shopify/client.ts:97:28)
    at async handleBuyNow (webpack-internal:///(app-pages-browser)/./app/products/shopify/page.tsx:84:30)
âœ… 10. All 3 stock badges visible after fix (1629ms)

ğŸ“„ Full report saved: test-results/autonomous-test-report.json

[Phase C] âœ… All tests passed
[Phase C] ğŸ’¾ Committing changes...
[main 0b00318] feat: Phase C - Testing & quality improvements (auto-generated)
 4 files changed, 143 insertions(+), 56 deletions(-)
 create mode 100644 frontend/.github/workflows/ci-cd.yml
[Phase C] âœ… Changes committed
[Phase C] âœ… Phase C Complete!


[2025-10-11T02:00:17.202Z] âœ… Completed: Phase C: Testing & Quality
[2025-10-11T02:00:17.202Z] â±ï¸  Duration: 0.8 minutes

[2025-10-11T02:00:17.203Z] 
================================================================================
[2025-10-11T02:00:17.204Z] ğŸ“¦ Starting: Phase D: Production Deployment
[2025-10-11T02:00:17.204Z] â±ï¸  Estimated Duration: 2-3 hours
[2025-10-11T02:00:17.205Z] ğŸ“ Description: Deploy to Vercel, setup domain, monitoring
[2025-10-11T02:00:17.206Z] ğŸ¤– Auto-approve: No
[2025-10-11T02:00:17.206Z] ================================================================================

[2025-10-11T02:00:17.207Z] âš ï¸  This phase requires user approval
[2025-10-11T02:00:17.207Z] â“ Skipping for now - will prompt user later

[2025-10-11T02:00:17.208Z] 
================================================================================
[2025-10-11T02:00:17.209Z] ğŸ“¦ Starting: Phase B: AR Features
[2025-10-11T02:00:17.209Z] â±ï¸  Estimated Duration: 3-4 hours
[2025-10-11T02:00:17.210Z] ğŸ“ Description: AR asset hosting, WebXR, access management
[2025-10-11T02:00:17.210Z] ğŸ¤– Auto-approve: Yes
[2025-10-11T02:00:17.210Z] ================================================================================

[2025-10-11T02:00:17.211Z] â–¶ï¸  Executing: npx tsx scripts/phase-b-ar.ts
